<?xml version="1.0" encoding="UTF-8"?>
<!-- Generated by org.testng.reporters.JUnitXMLReporter -->
<testsuite hostname="LAPTOP-2MTEA9T2" ignored="0" name="Surefire test" tests="3" failures="0" timestamp="17 Oct 2019 23:48:24 GMT" time="0.036" errors="0">
  <testcase name="restapi" time="0.006" classname="qaclickacademy.ApiTest"/>
  <testcase name="appium" time="0.0" classname="qaclickacademy.AppiumTest"/>
  <testcase name="seleniumtes" time="0.0" classname="qaclickacademy.seleniumTest"/>
</testsuite> <!-- Surefire test -->
